C51 COMPILER V9.60.0.0   MEMORY                                                            10/03/2022 16:11:56 PAGE 1   


C51 COMPILER V9.60.0.0, COMPILATION OF MODULE MEMORY
OBJECT MODULE PLACED IN .\build\Target 1\memory.o
COMPILER INVOKED BY: C:\Keil_v5\C51\BIN\C51.exe .\MEMORY.C OMF2 TABS(4) CODE NOCOND SYMBOLS PRINT(.\build\Target 1\memor
                    -y.lst) INCDIR(../../../../../../Keil_v5/C51/INC) DEFINE(__UVISION_VERSION=526) OPTIMIZE(8,SPEED) SMALL ROM(LARGE) OBJECT
                    -(.\build\Target 1\memory.o)

line level    source

   1          //
   2          // Created by aditya on 11-10-2022.
   3          //
   4          
   5          #include "memory.h"
   6          #include "REG_MG82FG5Bxx.h"
   7          #include "macro.h"
   8          
   9          float xdata memoryOne = -1;
  10          float xdata memoryTwo = -1;
  11          float xdata memoryThree = -1;
  12          float xdata memoryFour = -1;
  13          float xdata memoryFive = -1;
  14          float xdata memorySix = -1;
  15          float xdata memorySeven = -1;
  16          
  17          
  18          void loadPricesFromMemory(void)
  19          {
  20   1      
  21   1      }
  22          
  23          float getPriceFromMemory(unsigned char key)
  24          {
  25   1          float xdata result;
  26   1          switch (key)
  27   1          {
  28   2          case 17:
  29   2              result = memoryOne;
  30   2              break;
  31   2          case 18:
  32   2              result = memoryTwo;
  33   2              break;
  34   2          case 19:
  35   2              result = memoryThree;
  36   2              break;
  37   2          case 20:
  38   2              result = memoryFour;
  39   2              break;
  40   2          case 21:
  41   2              result = memoryFive;
  42   2              break;
  43   2          case 22:
  44   2              result = memorySix;
  45   2              break;
  46   2          case 23:
  47   2              result = memorySeven;
  48   2              break;
  49   2          default:
  50   2              result = -1;
  51   2              break;
  52   2          }
  53   1          return result;
C51 COMPILER V9.60.0.0   MEMORY                                                            10/03/2022 16:11:56 PAGE 2   

  54   1      }
  55          
  56          void savePriceToMemory(unsigned char key, float price)
  57          {
  58   1      
  59   1      }
*** WARNING C280 IN LINE 56 OF .\MEMORY.C: 'key': unreferenced local variable
*** WARNING C280 IN LINE 56 OF .\MEMORY.C: 'price': unreferenced local variable
C51 COMPILER V9.60.0.0   MEMORY                                                            10/03/2022 16:11:56 PAGE 3   

ASSEMBLY LISTING OF GENERATED OBJECT CODE


             ; FUNCTION loadPricesFromMemory (BEGIN)
                                           ; SOURCE LINE # 18
                                           ; SOURCE LINE # 19
                                           ; SOURCE LINE # 21
0000 22                RET     
             ; FUNCTION loadPricesFromMemory (END)

             ; FUNCTION _getPriceFromMemory (BEGIN)
                                           ; SOURCE LINE # 23
;---- Variable 'key' assigned to Register 'R7' ----
                                           ; SOURCE LINE # 24
                                           ; SOURCE LINE # 26
0000 EF                MOV     A,R7
0001 24EF              ADD     A,#0EFH
0003 B40700            CJNE    A,#07H,?C0013
0006         ?C0013:
0006 5057              JNC     ?C0010
0008 900000      R     MOV     DPTR,#?C0014
000B 75F003            MOV     B,#03H
000E A4                MUL     AB
000F C583              XCH     A,DPH
0011 25F0              ADD     A,B
0013 C583              XCH     A,DPH
0015 73                JMP     @A+DPTR
0016         ?C0014:
0016 020000      R     LJMP    ?C0003
0019 020000      R     LJMP    ?C0004
001C 020000      R     LJMP    ?C0005
001F 020000      R     LJMP    ?C0006
0022 020000      R     LJMP    ?C0007
0025 020000      R     LJMP    ?C0008
0028 020000      R     LJMP    ?C0009
                                           ; SOURCE LINE # 27
                                           ; SOURCE LINE # 28
002B         ?C0003:
                                           ; SOURCE LINE # 29
002B 900000      R     MOV     DPTR,#memoryOne
                                           ; SOURCE LINE # 30
002E 801C              SJMP    ?C0020
                                           ; SOURCE LINE # 31
0030         ?C0004:
                                           ; SOURCE LINE # 32
0030 900000      R     MOV     DPTR,#memoryTwo
0033         ?C0015:
                                           ; SOURCE LINE # 33
0033 8017              SJMP    ?C0020
                                           ; SOURCE LINE # 34
0035         ?C0005:
                                           ; SOURCE LINE # 35
0035 900000      R     MOV     DPTR,#memoryThree
0038         ?C0016:
                                           ; SOURCE LINE # 36
0038 8012              SJMP    ?C0020
                                           ; SOURCE LINE # 37
003A         ?C0006:
                                           ; SOURCE LINE # 38
003A 900000      R     MOV     DPTR,#memoryFour
003D         ?C0017:
                                           ; SOURCE LINE # 39
C51 COMPILER V9.60.0.0   MEMORY                                                            10/03/2022 16:11:56 PAGE 4   

003D 800D              SJMP    ?C0020
                                           ; SOURCE LINE # 40
003F         ?C0007:
                                           ; SOURCE LINE # 41
003F 900000      R     MOV     DPTR,#memoryFive
0042         ?C0018:
                                           ; SOURCE LINE # 42
0042 8008              SJMP    ?C0020
                                           ; SOURCE LINE # 43
0044         ?C0008:
                                           ; SOURCE LINE # 44
0044 900000      R     MOV     DPTR,#memorySix
0047         ?C0019:
                                           ; SOURCE LINE # 45
0047 8003              SJMP    ?C0020
                                           ; SOURCE LINE # 46
0049         ?C0009:
                                           ; SOURCE LINE # 47
0049 900000      R     MOV     DPTR,#memorySeven
004C         ?C0020:
004C E0                MOVX    A,@DPTR
004D FC                MOV     R4,A
004E A3                INC     DPTR
004F E0                MOVX    A,@DPTR
0050 FD                MOV     R5,A
0051 A3                INC     DPTR
0052 E0                MOVX    A,@DPTR
0053 FE                MOV     R6,A
0054 A3                INC     DPTR
0055 E0                MOVX    A,@DPTR
0056 FF                MOV     R7,A
0057 900000      R     MOV     DPTR,#result
005A 120000      E     LCALL   ?C?LSTXDATA
                                           ; SOURCE LINE # 48
005D 800A              SJMP    ?C0002
                                           ; SOURCE LINE # 49
005F         ?C0010:
                                           ; SOURCE LINE # 50
005F 900000      R     MOV     DPTR,#result
0062 120000      E     LCALL   ?C?LSTKXDATA
0065 BF                DB      0BFH
0066 80                DB      080H
0067 00                DB      00H
0068 00                DB      00H
                                           ; SOURCE LINE # 51
                                           ; SOURCE LINE # 52
0069         ?C0002:
                                           ; SOURCE LINE # 53
0069 900000      R     MOV     DPTR,#result
006C E0                MOVX    A,@DPTR
006D FC                MOV     R4,A
006E A3                INC     DPTR
006F E0                MOVX    A,@DPTR
0070 FD                MOV     R5,A
0071 A3                INC     DPTR
0072 E0                MOVX    A,@DPTR
0073 FE                MOV     R6,A
0074 A3                INC     DPTR
0075 E0                MOVX    A,@DPTR
0076 FF                MOV     R7,A
                                           ; SOURCE LINE # 54
0077 22                RET     
C51 COMPILER V9.60.0.0   MEMORY                                                            10/03/2022 16:11:56 PAGE 5   

             ; FUNCTION _getPriceFromMemory (END)

             ; FUNCTION _savePriceToMemory (BEGIN)
                                           ; SOURCE LINE # 56
0000 8F00        R     MOV     key,R7
                                           ; SOURCE LINE # 57
                                           ; SOURCE LINE # 59
0002 22                RET     
             ; FUNCTION _savePriceToMemory (END)

C51 COMPILER V9.60.0.0   MEMORY                                                            10/03/2022 16:11:56 PAGE 6   

NAME                                    CLASS   MSPACE  TYPE    OFFSET  SIZE
====                                    =====   ======  ====    ======  ====


PCAPWM4. . . . . . . . . . . . . . . .  SFR      DATA   U_CHAR   00F6H  1
CCF2 . . . . . . . . . . . . . . . . .  ABSBIT   -----  BIT      00DAH  1
PDTCR. . . . . . . . . . . . . . . . .  SFR      DATA   U_CHAR   00BDH  1
TB80 . . . . . . . . . . . . . . . . .  ABSBIT   -----  BIT      009BH  1
P1M0 . . . . . . . . . . . . . . . . .  SFR      DATA   U_CHAR   0091H  1
PCAPWM5. . . . . . . . . . . . . . . .  SFR      DATA   U_CHAR   00F7H  1
CCF3 . . . . . . . . . . . . . . . . .  ABSBIT   -----  BIT      00DBH  1
RTCCR. . . . . . . . . . . . . . . . .  SFR      DATA   U_CHAR   00BEH  1
TB81 . . . . . . . . . . . . . . . . .  ABSBIT   -----  BIT      009BH  1
BOREV. . . . . . . . . . . . . . . . .  SFR      DATA   U_CHAR   0096H  1
P2M0 . . . . . . . . . . . . . . . . .  SFR      DATA   U_CHAR   0095H  1
PCAPWM6. . . . . . . . . . . . . . . .  SFR      DATA   U_CHAR   00F2H  1
CCF4 . . . . . . . . . . . . . . . . .  ABSBIT   -----  BIT      00DCH  1
P3M0 . . . . . . . . . . . . . . . . .  SFR      DATA   U_CHAR   00B1H  1
P1 . . . . . . . . . . . . . . . . . .  SFR      DATA   U_CHAR   0090H  1
PCAPWM7. . . . . . . . . . . . . . . .  SFR      DATA   U_CHAR   00F3H  1
CCF5 . . . . . . . . . . . . . . . . .  ABSBIT   -----  BIT      00DDH  1
P4M0 . . . . . . . . . . . . . . . . .  SFR      DATA   U_CHAR   00B3H  1
P3M1 . . . . . . . . . . . . . . . . .  SFR      DATA   U_CHAR   00B2H  1
P2 . . . . . . . . . . . . . . . . . .  SFR      DATA   U_CHAR   00A0H  1
SM01 . . . . . . . . . . . . . . . . .  ABSBIT   -----  BIT      009FH  1
SM10 . . . . . . . . . . . . . . . . .  ABSBIT   -----  BIT      009EH  1
ISPCR. . . . . . . . . . . . . . . . .  SFR      DATA   U_CHAR   00E7H  1
XICON. . . . . . . . . . . . . . . . .  SFR      DATA   U_CHAR   00C0H  1
P3 . . . . . . . . . . . . . . . . . .  SFR      DATA   U_CHAR   00B0H  1
SM11 . . . . . . . . . . . . . . . . .  ABSBIT   -----  BIT      009EH  1
SM20 . . . . . . . . . . . . . . . . .  ABSBIT   -----  BIT      009DH  1
P4 . . . . . . . . . . . . . . . . . .  SFR      DATA   U_CHAR   00E8H  1
AC . . . . . . . . . . . . . . . . . .  ABSBIT   -----  BIT      00D6H  1
P6M0 . . . . . . . . . . . . . . . . .  SFR      DATA   U_CHAR   00B5H  1
SM21 . . . . . . . . . . . . . . . . .  ABSBIT   -----  BIT      009DH  1
EIE1 . . . . . . . . . . . . . . . . .  SFR      DATA   U_CHAR   00ADH  1
SPCON. . . . . . . . . . . . . . . . .  SFR      DATA   U_CHAR   0085H  1
P6 . . . . . . . . . . . . . . . . . .  SFR      DATA   U_CHAR   00F8H  1
WDTCR. . . . . . . . . . . . . . . . .  SFR      DATA   U_CHAR   00E1H  1
SISTA. . . . . . . . . . . . . . . . .  SFR      DATA   U_CHAR   00D3H  1
SFRPI. . . . . . . . . . . . . . . . .  SFR      DATA   U_CHAR   00ACH  1
EA . . . . . . . . . . . . . . . . . .  ABSBIT   -----  BIT      00AFH  1
ADCFG0 . . . . . . . . . . . . . . . .  SFR      DATA   U_CHAR   00C3H  1
S1CFG1 . . . . . . . . . . . . . . . .  SFR      DATA   U_CHAR   009DH  1
ADCFG1 . . . . . . . . . . . . . . . .  SFR      DATA   U_CHAR   00BBH  1
S1CFG2 . . . . . . . . . . . . . . . .  SFR      DATA   U_CHAR   009DH  1
CF . . . . . . . . . . . . . . . . . .  ABSBIT   -----  BIT      00DFH  1
CH . . . . . . . . . . . . . . . . . .  SFR      DATA   U_CHAR   00F9H  1
PWMCR. . . . . . . . . . . . . . . . .  SFR      DATA   U_CHAR   00BCH  1
RTCTM. . . . . . . . . . . . . . . . .  SFR      DATA   U_CHAR   00B6H  1
IE . . . . . . . . . . . . . . . . . .  SFR      DATA   U_CHAR   00A8H  1
CL . . . . . . . . . . . . . . . . . .  SFR      DATA   U_CHAR   00E9H  1
CCAP0H . . . . . . . . . . . . . . . .  SFR      DATA   U_CHAR   00FAH  1
CCAP1H . . . . . . . . . . . . . . . .  SFR      DATA   U_CHAR   00FBH  1
IP0H . . . . . . . . . . . . . . . . .  SFR      DATA   U_CHAR   00B7H  1
CCAP2H . . . . . . . . . . . . . . . .  SFR      DATA   U_CHAR   00FCH  1
CCAP3H . . . . . . . . . . . . . . . .  SFR      DATA   U_CHAR   00FDH  1
CCAP4H . . . . . . . . . . . . . . . .  SFR      DATA   U_CHAR   00FEH  1
CCAP0L . . . . . . . . . . . . . . . .  SFR      DATA   U_CHAR   00EAH  1
CR . . . . . . . . . . . . . . . . . .  ABSBIT   -----  BIT      00DEH  1
CCAP5H . . . . . . . . . . . . . . . .  SFR      DATA   U_CHAR   00FFH  1
C51 COMPILER V9.60.0.0   MEMORY                                                            10/03/2022 16:11:56 PAGE 7   

NAME                                    CLASS   MSPACE  TYPE    OFFSET  SIZE
====                                    =====   ======  ====    ======  ====


CCAP1L . . . . . . . . . . . . . . . .  SFR      DATA   U_CHAR   00EBH  1
CCAPM0 . . . . . . . . . . . . . . . .  SFR      DATA   U_CHAR   00DAH  1
EXF2 . . . . . . . . . . . . . . . . .  ABSBIT   -----  BIT      00CEH  1
IP0L . . . . . . . . . . . . . . . . .  SFR      DATA   U_CHAR   00B8H  1
REN0 . . . . . . . . . . . . . . . . .  ABSBIT   -----  BIT      009CH  1
CCAP6H . . . . . . . . . . . . . . . .  SFR      DATA   U_CHAR   00FAH  1
CCAP2L . . . . . . . . . . . . . . . .  SFR      DATA   U_CHAR   00ECH  1
CCAPM1 . . . . . . . . . . . . . . . .  SFR      DATA   U_CHAR   00DBH  1
ADCON0 . . . . . . . . . . . . . . . .  SFR      DATA   U_CHAR   00C4H  1
REN1 . . . . . . . . . . . . . . . . .  ABSBIT   -----  BIT      009CH  1
CCAP7H . . . . . . . . . . . . . . . .  SFR      DATA   U_CHAR   00FBH  1
CCAP3L . . . . . . . . . . . . . . . .  SFR      DATA   U_CHAR   00EDH  1
CCAPM2 . . . . . . . . . . . . . . . .  SFR      DATA   U_CHAR   00DCH  1
memoryThree. . . . . . . . . . . . . .  PUBLIC   XDATA  FLOAT    0000H  4
CCAP4L . . . . . . . . . . . . . . . .  SFR      DATA   U_CHAR   00EEH  1
CCAPM3 . . . . . . . . . . . . . . . .  SFR      DATA   U_CHAR   00DDH  1
CCAP5L . . . . . . . . . . . . . . . .  SFR      DATA   U_CHAR   00EFH  1
CCAPM4 . . . . . . . . . . . . . . . .  SFR      DATA   U_CHAR   00DEH  1
CCAP6L . . . . . . . . . . . . . . . .  SFR      DATA   U_CHAR   00EAH  1
CCAPM5 . . . . . . . . . . . . . . . .  SFR      DATA   U_CHAR   00DFH  1
CCAP7L . . . . . . . . . . . . . . . .  SFR      DATA   U_CHAR   00EBH  1
CCAPM6 . . . . . . . . . . . . . . . .  SFR      DATA   U_CHAR   00DAH  1
CY . . . . . . . . . . . . . . . . . .  ABSBIT   -----  BIT      00D7H  1
CCAPM7 . . . . . . . . . . . . . . . .  SFR      DATA   U_CHAR   00DBH  1
CKCON0 . . . . . . . . . . . . . . . .  SFR      DATA   U_CHAR   00C7H  1
CKCON1 . . . . . . . . . . . . . . . .  SFR      DATA   U_CHAR   00BFH  1
PT0L . . . . . . . . . . . . . . . . .  ABSBIT   -----  BIT      00B9H  1
memorySeven. . . . . . . . . . . . . .  PUBLIC   XDATA  FLOAT    0004H  4
RCAP2H . . . . . . . . . . . . . . . .  SFR      DATA   U_CHAR   00CBH  1
PT1L . . . . . . . . . . . . . . . . .  ABSBIT   -----  BIT      00BBH  1
loadPricesFromMemory . . . . . . . . .  PUBLIC   CODE   PROC     0000H  -----
PT2L . . . . . . . . . . . . . . . . .  ABSBIT   -----  BIT      00BDH  1
SP . . . . . . . . . . . . . . . . . .  SFR      DATA   U_CHAR   0081H  1
CMOD . . . . . . . . . . . . . . . . .  SFR      DATA   U_CHAR   00D9H  1
CCON . . . . . . . . . . . . . . . . .  SFR      DATA   U_CHAR   00D8H  1
OV . . . . . . . . . . . . . . . . . .  ABSBIT   -----  BIT      00D2H  1
PX0L . . . . . . . . . . . . . . . . .  ABSBIT   -----  BIT      00B8H  1
PAOE . . . . . . . . . . . . . . . . .  SFR      DATA   U_CHAR   00F1H  1
SI1ADR . . . . . . . . . . . . . . . .  SFR      DATA   U_CHAR   00D1H  1
RCAP2L . . . . . . . . . . . . . . . .  SFR      DATA   U_CHAR   00CAH  1
PX1L . . . . . . . . . . . . . . . . .  ABSBIT   -----  BIT      00BAH  1
PX2L . . . . . . . . . . . . . . . . .  ABSBIT   -----  BIT      00BEH  1
SCMD . . . . . . . . . . . . . . . . .  SFR      DATA   U_CHAR   00E6H  1
SI1DAT . . . . . . . . . . . . . . . .  SFR      DATA   U_CHAR   00D2H  1
PX3L . . . . . . . . . . . . . . . . .  ABSBIT   -----  BIT      00BFH  1
SFIE . . . . . . . . . . . . . . . . .  SFR      DATA   U_CHAR   008EH  1
C_T2 . . . . . . . . . . . . . . . . .  ABSBIT   -----  BIT      00C9H  1
memoryFive . . . . . . . . . . . . . .  PUBLIC   XDATA  FLOAT    0008H  4
CHRL . . . . . . . . . . . . . . . . .  SFR      DATA   U_CHAR   00CFH  1
RCLK . . . . . . . . . . . . . . . . .  ABSBIT   -----  BIT      00CDH  1
CLRL . . . . . . . . . . . . . . . . .  SFR      DATA   U_CHAR   00CEH  1
SI1CON . . . . . . . . . . . . . . . .  SFR      DATA   U_CHAR   00D4H  1
TCLK . . . . . . . . . . . . . . . . .  ABSBIT   -----  BIT      00CCH  1
IFADRH . . . . . . . . . . . . . . . .  SFR      DATA   U_CHAR   00E3H  1
IFMT . . . . . . . . . . . . . . . . .  SFR      DATA   U_CHAR   00E5H  1
P10. . . . . . . . . . . . . . . . . .  ABSBIT   -----  BIT      0090H  1
P20. . . . . . . . . . . . . . . . . .  ABSBIT   -----  BIT      00A0H  1
C51 COMPILER V9.60.0.0   MEMORY                                                            10/03/2022 16:11:56 PAGE 8   

NAME                                    CLASS   MSPACE  TYPE    OFFSET  SIZE
====                                    =====   ======  ====    ======  ====


P11. . . . . . . . . . . . . . . . . .  ABSBIT   -----  BIT      0091H  1
P30. . . . . . . . . . . . . . . . . .  ABSBIT   -----  BIT      00B0H  1
P21. . . . . . . . . . . . . . . . . .  ABSBIT   -----  BIT      00A1H  1
P12. . . . . . . . . . . . . . . . . .  ABSBIT   -----  BIT      0092H  1
P40. . . . . . . . . . . . . . . . . .  ABSBIT   -----  BIT      00E8H  1
IFADRL . . . . . . . . . . . . . . . .  SFR      DATA   U_CHAR   00E4H  1
P31. . . . . . . . . . . . . . . . . .  ABSBIT   -----  BIT      00B1H  1
P22. . . . . . . . . . . . . . . . . .  ABSBIT   -----  BIT      00A2H  1
P13. . . . . . . . . . . . . . . . . .  ABSBIT   -----  BIT      0093H  1
P41. . . . . . . . . . . . . . . . . .  ABSBIT   -----  BIT      00E9H  1
P32. . . . . . . . . . . . . . . . . .  ABSBIT   -----  BIT      00B2H  1
P23. . . . . . . . . . . . . . . . . .  ABSBIT   -----  BIT      00A3H  1
SMCCFG . . . . . . . . . . . . . . . .  SFR      DATA   U_CHAR   009DH  1
LINCFG . . . . . . . . . . . . . . . .  SFR      DATA   U_CHAR   009DH  1
P14. . . . . . . . . . . . . . . . . .  ABSBIT   -----  BIT      0094H  1
TMOD . . . . . . . . . . . . . . . . .  SFR      DATA   U_CHAR   0089H  1
TCON . . . . . . . . . . . . . . . . .  SFR      DATA   U_CHAR   0088H  1
P60. . . . . . . . . . . . . . . . . .  ABSBIT   -----  BIT      00F8H  1
P33. . . . . . . . . . . . . . . . . .  ABSBIT   -----  BIT      00B3H  1
P24. . . . . . . . . . . . . . . . . .  ABSBIT   -----  BIT      00A4H  1
P15. . . . . . . . . . . . . . . . . .  ABSBIT   -----  BIT      0095H  1
P61. . . . . . . . . . . . . . . . . .  ABSBIT   -----  BIT      00F9H  1
SIS1TA . . . . . . . . . . . . . . . .  SFR      DATA   U_CHAR   00D3H  1
PUCON0 . . . . . . . . . . . . . . . .  SFR      DATA   U_CHAR   00B4H  1
P34. . . . . . . . . . . . . . . . . .  ABSBIT   -----  BIT      00B4H  1
P25. . . . . . . . . . . . . . . . . .  ABSBIT   -----  BIT      00A5H  1
P16. . . . . . . . . . . . . . . . . .  ABSBIT   -----  BIT      0096H  1
P44. . . . . . . . . . . . . . . . . .  ABSBIT   -----  BIT      00ECH  1
PUCON1 . . . . . . . . . . . . . . . .  SFR      DATA   U_CHAR   00B4H  1
P35. . . . . . . . . . . . . . . . . .  ABSBIT   -----  BIT      00B5H  1
P26. . . . . . . . . . . . . . . . . .  ABSBIT   -----  BIT      00A6H  1
P17. . . . . . . . . . . . . . . . . .  ABSBIT   -----  BIT      0097H  1
P45. . . . . . . . . . . . . . . . . .  ABSBIT   -----  BIT      00EDH  1
P27. . . . . . . . . . . . . . . . . .  ABSBIT   -----  BIT      00A7H  1
P47. . . . . . . . . . . . . . . . . .  ABSBIT   -----  BIT      00EFH  1
KBMASK . . . . . . . . . . . . . . . .  SFR      DATA   U_CHAR   00D7H  1
memoryFour . . . . . . . . . . . . . .  PUBLIC   XDATA  FLOAT    000CH  4
IE0. . . . . . . . . . . . . . . . . .  ABSBIT   -----  BIT      0089H  1
IE1. . . . . . . . . . . . . . . . . .  ABSBIT   -----  BIT      008BH  1
IE2. . . . . . . . . . . . . . . . . .  ABSBIT   -----  BIT      00C1H  1
memoryOne. . . . . . . . . . . . . . .  PUBLIC   XDATA  FLOAT    0010H  4
B. . . . . . . . . . . . . . . . . . .  SFR      DATA   U_CHAR   00F0H  1
IE3. . . . . . . . . . . . . . . . . .  ABSBIT   -----  BIT      00C5H  1
KBPATN . . . . . . . . . . . . . . . .  SFR      DATA   U_CHAR   00D5H  1
CP_RL2 . . . . . . . . . . . . . . . .  ABSBIT   -----  BIT      00C8H  1
ACC. . . . . . . . . . . . . . . . . .  SFR      DATA   U_CHAR   00E0H  1
ES0. . . . . . . . . . . . . . . . . .  ABSBIT   -----  BIT      00ACH  1
ET0. . . . . . . . . . . . . . . . . .  ABSBIT   -----  BIT      00A9H  1
ET1. . . . . . . . . . . . . . . . . .  ABSBIT   -----  BIT      00ABH  1
TF0. . . . . . . . . . . . . . . . . .  ABSBIT   -----  BIT      008DH  1
ET2. . . . . . . . . . . . . . . . . .  ABSBIT   -----  BIT      00ADH  1
RI0. . . . . . . . . . . . . . . . . .  ABSBIT   -----  BIT      0098H  1
TF1. . . . . . . . . . . . . . . . . .  ABSBIT   -----  BIT      008FH  1
TF2. . . . . . . . . . . . . . . . . .  ABSBIT   -----  BIT      00CFH  1
RI1. . . . . . . . . . . . . . . . . .  ABSBIT   -----  BIT      0098H  1
TH0. . . . . . . . . . . . . . . . . .  SFR      DATA   U_CHAR   008CH  1
EX0. . . . . . . . . . . . . . . . . .  ABSBIT   -----  BIT      00A8H  1
C51 COMPILER V9.60.0.0   MEMORY                                                            10/03/2022 16:11:56 PAGE 9   

NAME                                    CLASS   MSPACE  TYPE    OFFSET  SIZE
====                                    =====   ======  ====    ======  ====


TI0. . . . . . . . . . . . . . . . . .  ABSBIT   -----  BIT      0099H  1
TH1. . . . . . . . . . . . . . . . . .  SFR      DATA   U_CHAR   008DH  1
IT0. . . . . . . . . . . . . . . . . .  ABSBIT   -----  BIT      0088H  1
_getPriceFromMemory. . . . . . . . . .  PUBLIC   CODE   PROC     0000H  -----
  key. . . . . . . . . . . . . . . . .  * REG *  DATA   U_CHAR   0007H  1
  result . . . . . . . . . . . . . . .  AUTO     XDATA  FLOAT    0000H  4
TH2. . . . . . . . . . . . . . . . . .  SFR      DATA   U_CHAR   00CDH  1
EX1. . . . . . . . . . . . . . . . . .  ABSBIT   -----  BIT      00AAH  1
TI1. . . . . . . . . . . . . . . . . .  ABSBIT   -----  BIT      0099H  1
IT1. . . . . . . . . . . . . . . . . .  ABSBIT   -----  BIT      008AH  1
P. . . . . . . . . . . . . . . . . . .  ABSBIT   -----  BIT      00D0H  1
IT2. . . . . . . . . . . . . . . . . .  ABSBIT   -----  BIT      00C0H  1
EX2. . . . . . . . . . . . . . . . . .  ABSBIT   -----  BIT      00C2H  1
IT3. . . . . . . . . . . . . . . . . .  ABSBIT   -----  BIT      00C4H  1
EX3. . . . . . . . . . . . . . . . . .  ABSBIT   -----  BIT      00C6H  1
TL0. . . . . . . . . . . . . . . . . .  SFR      DATA   U_CHAR   008AH  1
TL1. . . . . . . . . . . . . . . . . .  SFR      DATA   U_CHAR   008BH  1
TL2. . . . . . . . . . . . . . . . . .  SFR      DATA   U_CHAR   00CCH  1
memorySix. . . . . . . . . . . . . . .  PUBLIC   XDATA  FLOAT    0014H  4
IFD. . . . . . . . . . . . . . . . . .  SFR      DATA   U_CHAR   00E2H  1
S0CFG. . . . . . . . . . . . . . . . .  SFR      DATA   U_CHAR   009CH  1
RS0. . . . . . . . . . . . . . . . . .  ABSBIT   -----  BIT      00D3H  1
ADCDH. . . . . . . . . . . . . . . . .  SFR      DATA   U_CHAR   00C6H  1
S1CFG. . . . . . . . . . . . . . . . .  SFR      DATA   U_CHAR   009CH  1
RS1. . . . . . . . . . . . . . . . . .  ABSBIT   -----  BIT      00D4H  1
TR0. . . . . . . . . . . . . . . . . .  ABSBIT   -----  BIT      008CH  1
TR1. . . . . . . . . . . . . . . . . .  ABSBIT   -----  BIT      008EH  1
TR2. . . . . . . . . . . . . . . . . .  ABSBIT   -----  BIT      00CAH  1
EIP1H. . . . . . . . . . . . . . . . .  SFR      DATA   U_CHAR   00AFH  1
memoryTwo. . . . . . . . . . . . . . .  PUBLIC   XDATA  FLOAT    0018H  4
ADCDL. . . . . . . . . . . . . . . . .  SFR      DATA   U_CHAR   00C5H  1
P1AIO. . . . . . . . . . . . . . . . .  SFR      DATA   U_CHAR   0092H  1
EIP1L. . . . . . . . . . . . . . . . .  SFR      DATA   U_CHAR   00AEH  1
S1BRC. . . . . . . . . . . . . . . . .  SFR      DATA   U_CHAR   009BH  1
DPH. . . . . . . . . . . . . . . . . .  SFR      DATA   U_CHAR   0083H  1
DPL. . . . . . . . . . . . . . . . . .  SFR      DATA   U_CHAR   0082H  1
S0BUF. . . . . . . . . . . . . . . . .  SFR      DATA   U_CHAR   0099H  1
PCON0. . . . . . . . . . . . . . . . .  SFR      DATA   U_CHAR   0087H  1
SPSTAT . . . . . . . . . . . . . . . .  SFR      DATA   U_CHAR   0084H  1
S1BUF. . . . . . . . . . . . . . . . .  SFR      DATA   U_CHAR   0099H  1
PCON1. . . . . . . . . . . . . . . . .  SFR      DATA   U_CHAR   0097H  1
EXEN2. . . . . . . . . . . . . . . . .  ABSBIT   -----  BIT      00CBH  1
S0CON. . . . . . . . . . . . . . . . .  SFR      DATA   U_CHAR   0098H  1
S1CON. . . . . . . . . . . . . . . . .  SFR      DATA   U_CHAR   0098H  1
INT2H. . . . . . . . . . . . . . . . .  ABSBIT   -----  BIT      00C3H  1
T2MOD. . . . . . . . . . . . . . . . .  SFR      DATA   U_CHAR   00C9H  1
T2CON. . . . . . . . . . . . . . . . .  SFR      DATA   U_CHAR   00C8H  1
INT3H. . . . . . . . . . . . . . . . .  ABSBIT   -----  BIT      00C7H  1
_savePriceToMemory . . . . . . . . . .  PUBLIC   CODE   PROC     0000H  -----
  key. . . . . . . . . . . . . . . . .  AUTO     DATA   U_CHAR   0000H  1
  price. . . . . . . . . . . . . . . .  AUTO     DATA   FLOAT    0001H  4
SADEN. . . . . . . . . . . . . . . . .  SFR      DATA   U_CHAR   00B9H  1
SM00_FE. . . . . . . . . . . . . . . .  ABSBIT   -----  BIT      009FH  1
S1BRT. . . . . . . . . . . . . . . . .  SFR      DATA   U_CHAR   009AH  1
KBCON. . . . . . . . . . . . . . . . .  SFR      DATA   U_CHAR   00D6H  1
PSL. . . . . . . . . . . . . . . . . .  ABSBIT   -----  BIT      00BCH  1
SADDR. . . . . . . . . . . . . . . . .  SFR      DATA   U_CHAR   00A9H  1
C51 COMPILER V9.60.0.0   MEMORY                                                            10/03/2022 16:11:56 PAGE 10  

NAME                                    CLASS   MSPACE  TYPE    OFFSET  SIZE
====                                    =====   ======  ====    ======  ====


AUXR0. . . . . . . . . . . . . . . . .  SFR      DATA   U_CHAR   00A1H  1
XICFG. . . . . . . . . . . . . . . . .  SFR      DATA   U_CHAR   00C1H  1
AUXR1. . . . . . . . . . . . . . . . .  SFR      DATA   U_CHAR   00A2H  1
AUXR2. . . . . . . . . . . . . . . . .  SFR      DATA   U_CHAR   00A3H  1
SIADR. . . . . . . . . . . . . . . . .  SFR      DATA   U_CHAR   00D1H  1
AUXR3. . . . . . . . . . . . . . . . .  SFR      DATA   U_CHAR   00A4H  1
F0 . . . . . . . . . . . . . . . . . .  ABSBIT   -----  BIT      00D5H  1
SIDAT. . . . . . . . . . . . . . . . .  SFR      DATA   U_CHAR   00D2H  1
F1 . . . . . . . . . . . . . . . . . .  ABSBIT   -----  BIT      00D1H  1
PCAPWM0. . . . . . . . . . . . . . . .  SFR      DATA   U_CHAR   00F2H  1
PSW. . . . . . . . . . . . . . . . . .  SFR      DATA   U_CHAR   00D0H  1
PCAPWM1. . . . . . . . . . . . . . . .  SFR      DATA   U_CHAR   00F3H  1
PCAPWM2. . . . . . . . . . . . . . . .  SFR      DATA   U_CHAR   00F4H  1
CCF0 . . . . . . . . . . . . . . . . .  ABSBIT   -----  BIT      00D8H  1
RB80 . . . . . . . . . . . . . . . . .  ABSBIT   -----  BIT      009AH  1
PCAPWM3. . . . . . . . . . . . . . . .  SFR      DATA   U_CHAR   00F5H  1
CCF1 . . . . . . . . . . . . . . . . .  ABSBIT   -----  BIT      00D9H  1
SICON. . . . . . . . . . . . . . . . .  SFR      DATA   U_CHAR   00D4H  1
RB81 . . . . . . . . . . . . . . . . .  ABSBIT   -----  BIT      009AH  1
SPDAT. . . . . . . . . . . . . . . . .  SFR      DATA   U_CHAR   0086H  1


MODULE INFORMATION:   STATIC OVERLAYABLE
   CODE SIZE        =    124    ----
   CONSTANT SIZE    =   ----    ----
   XDATA SIZE       =     28       4
   PDATA SIZE       =   ----    ----
   DATA SIZE        =   ----       5
   IDATA SIZE       =   ----    ----
   BIT SIZE         =   ----    ----
   EDATA SIZE       =   ----    ----
   HDATA SIZE       =   ----    ----
   XDATA CONST SIZE =   ----    ----
   FAR CONST SIZE   =   ----    ----
END OF MODULE INFORMATION.


C51 COMPILATION COMPLETE.  2 WARNING(S),  0 ERROR(S)
