[2022-09-28 12:09:20]	[done]
	build successfully !

[2022-09-28 12:10:32]	[done]
	build successfully !

[2022-10-03 11:42:11]	link failed !, exit code: 2
   at unify_builder.Program.Main(String[] args_)
---

LX51 LINKER/LOCATER V4.66.97.0 - SN: K1SMC-8HY7IC
COPYRIGHT ARM Germany GmbH 1995 - 2019
"@c:\Users\aditya\Desktop\GitHub\8051-weight-firmware\src\build\Target 1\om3.lnp" ".\build\Target 1\keypad.o",".\build\Target 1\om3.o",".\build\Target 1\tm1640.o",".\build\Target 1\utility.o",".\build\Target 1\weight.o" TO ".\build\Target 1\om3"
PRINT(".\build\Target 1\om3.map") REMOVEUNUSED

*** ERROR L127: UNRESOLVED EXTERNAL SYMBOL
    SYMBOL:  loadPricesFromMemory
    MODULE:  .\build\Target 1\om3.o (OM3)

*** ERROR L128: REFERENCE MADE TO UNRESOLVED EXTERNAL
    SYMBOL:  loadPricesFromMemory
    MODULE:  .\build\Target 1\om3.o (OM3)
    ADDRESS: 1002984H

Program Size: data=70.1 xdata=111 const=20 code=12141
LX51 RUN COMPLETE.  0 WARNING(S),  2 ERROR(S)


[2022-10-03 11:43:58]	[done]
	build successfully !

[2022-10-03 16:10:55]	compilation failed at : "c:\Users\aditya\Desktop\GitHub\8051-weight-firmware\src\om3.c", exit code: 2
   at unify_builder.Program.Main(String[] args_)
---
C51 COMPILER V9.60.0.0 - SN: K1SMC-8HY7IC
COPYRIGHT Copyright (C) 2012 - 2019 ARM Ltd and ARM Germany GmbH. All rights reserved.
*** WARNING C260 IN LINE 105 OF .\OM3.C: '=': pointer truncation
*** ERROR C214 IN LINE 106 OF .\OM3.C: illegal pointer conversion

C51 COMPILATION COMPLETE.  1 WARNING(S),  1 ERROR(S)

[2022-10-03 16:11:56]	compilation failed at : "c:\Users\aditya\Desktop\GitHub\8051-weight-firmware\src\om3.c", exit code: 2
   at unify_builder.Program.Main(String[] args_)
---
C51 COMPILER V9.60.0.0 - SN: K1SMC-8HY7IC
COPYRIGHT Copyright (C) 2012 - 2019 ARM Ltd and ARM Germany GmbH. All rights reserved.
*** ERROR C213 IN LINE 105 OF .\OM3.C: left side of asn-op not an lvalue
*** ERROR C141 IN LINE 112 OF .\OM3.C: syntax error near '=', expected 'sizeof'

C51 COMPILATION COMPLETE.  0 WARNING(S),  2 ERROR(S)

