C51 COMPILER V9.60.0.0   UTILITY                                                           10/03/2022 11:43:58 PAGE 1   


C51 COMPILER V9.60.0.0, COMPILATION OF MODULE UTILITY
OBJECT MODULE PLACED IN .\build\Target 1\utility.o
COMPILER INVOKED BY: C:\Keil_v5\C51\BIN\C51.exe .\UTILITY.C OMF2 TABS(4) CODE NOCOND SYMBOLS PRINT(.\build\Target 1\util
                    -ity.lst) INCDIR(../../../../../../Keil_v5/C51/INC) DEFINE(__UVISION_VERSION=526) OPTIMIZE(8,SPEED) SMALL ROM(LARGE) OBJE
                    -CT(.\build\Target 1\utility.o)

line level    source

   1          //
   2          // Created by aditya on 28-08-2022.
   3          //
   4          
   5          #include "utility.h"
   6          
   7          void ldelay(void) {
   8   1          unsigned long int i,j;
   9   1          for(i=0;i< 50; i++)
  10   1          {
  11   2              for(j=0;j<1000; j++);
  12   2          }
  13   1      }
  14          
  15          void Delay_Some_Time(unsigned int delaycount) {
  16   1          unsigned int i,j;
  17   1          for(i=0;i<delaycount; i++)
  18   1          {
  19   2              for(j=0;j<333; j++);
  20   2          }
  21   1      }
  22          
  23          void joinCharacter(unsigned char* a, unsigned char* b) {
  24   1          int i = 0;
  25   1          while(a[i] != '\0') {
  26   2              i++;
  27   2          }
  28   1          a[i] = b[0];
  29   1          a[i+1] = '\0';
  30   1      }
C51 COMPILER V9.60.0.0   UTILITY                                                           10/03/2022 11:43:58 PAGE 2   

ASSEMBLY LISTING OF GENERATED OBJECT CODE


             ; FUNCTION ldelay (BEGIN)
                                           ; SOURCE LINE # 7
                                           ; SOURCE LINE # 9
0000 E4                CLR     A
0001 F500        R     MOV     i+03H,A
0003 F500        R     MOV     i+02H,A
0005 F500        R     MOV     i+01H,A
0007 F500        R     MOV     i,A
0009         ?C0001:
0009 E4                CLR     A
000A 7F32              MOV     R7,#032H
000C FE                MOV     R6,A
000D FD                MOV     R5,A
000E FC                MOV     R4,A
000F AB00        R     MOV     R3,i+03H
0011 AA00        R     MOV     R2,i+02H
0013 A900        R     MOV     R1,i+01H
0015 A800        R     MOV     R0,i
0017 C3                CLR     C
0018 120000      E     LCALL   ?C?ULCMP
001B 504C              JNC     ?C0007
                                           ; SOURCE LINE # 10
                                           ; SOURCE LINE # 11
001D E4                CLR     A
001E F500        R     MOV     j+03H,A
0020 F500        R     MOV     j+02H,A
0022 F500        R     MOV     j+01H,A
0024 F500        R     MOV     j,A
0026         ?C0004:
0026 E4                CLR     A
0027 7FE8              MOV     R7,#0E8H
0029 7E03              MOV     R6,#03H
002B FD                MOV     R5,A
002C FC                MOV     R4,A
002D AB00        R     MOV     R3,j+03H
002F AA00        R     MOV     R2,j+02H
0031 A900        R     MOV     R1,j+01H
0033 A800        R     MOV     R0,j
0035 C3                CLR     C
0036 120000      E     LCALL   ?C?ULCMP
0039 5017              JNC     ?C0003
003B E500        R     MOV     A,j+03H
003D 2401              ADD     A,#01H
003F F500        R     MOV     j+03H,A
0041 E4                CLR     A
0042 3500        R     ADDC    A,j+02H
0044 F500        R     MOV     j+02H,A
0046 E4                CLR     A
0047 3500        R     ADDC    A,j+01H
0049 F500        R     MOV     j+01H,A
004B E4                CLR     A
004C 3500        R     ADDC    A,j
004E F500        R     MOV     j,A
0050 80D4              SJMP    ?C0004
                                           ; SOURCE LINE # 12
0052         ?C0003:
0052 E500        R     MOV     A,i+03H
0054 2401              ADD     A,#01H
0056 F500        R     MOV     i+03H,A
C51 COMPILER V9.60.0.0   UTILITY                                                           10/03/2022 11:43:58 PAGE 3   

0058 E4                CLR     A
0059 3500        R     ADDC    A,i+02H
005B F500        R     MOV     i+02H,A
005D E4                CLR     A
005E 3500        R     ADDC    A,i+01H
0060 F500        R     MOV     i+01H,A
0062 E4                CLR     A
0063 3500        R     ADDC    A,i
0065 F500        R     MOV     i,A
0067 80A0              SJMP    ?C0001
                                           ; SOURCE LINE # 13
0069         ?C0007:
0069 22                RET     
             ; FUNCTION ldelay (END)

             ; FUNCTION _Delay_Some_Time (BEGIN)
                                           ; SOURCE LINE # 15
;---- Variable 'delaycount' assigned to Register 'R6/R7' ----
                                           ; SOURCE LINE # 17
;---- Variable 'i' assigned to Register 'R4/R5' ----
0000 E4                CLR     A
0001 FD                MOV     R5,A
0002 FC                MOV     R4,A
0003         ?C0008:
0003 C3                CLR     C
0004 ED                MOV     A,R5
0005 9F                SUBB    A,R7
0006 EC                MOV     A,R4
0007 9E                SUBB    A,R6
0008 5015              JNC     ?C0014
                                           ; SOURCE LINE # 18
                                           ; SOURCE LINE # 19
;---- Variable 'j' assigned to Register 'R2/R3' ----
000A E4                CLR     A
000B FB                MOV     R3,A
000C FA                MOV     R2,A
000D         ?C0011:
000D 0B                INC     R3
000E BB0001            CJNE    R3,#00H,?C0018
0011 0A                INC     R2
0012         ?C0018:
0012 BA01F8            CJNE    R2,#01H,?C0011
0015 BB4DF5            CJNE    R3,#04DH,?C0011
                                           ; SOURCE LINE # 20
0018         ?C0010:
0018 0D                INC     R5
0019 BD0001            CJNE    R5,#00H,?C0019
001C 0C                INC     R4
001D         ?C0019:
001D 80E4              SJMP    ?C0008
                                           ; SOURCE LINE # 21
001F         ?C0014:
001F 22                RET     
             ; FUNCTION _Delay_Some_Time (END)

             ; FUNCTION _joinCharacter (BEGIN)
                                           ; SOURCE LINE # 23
0000 8B00        R     MOV     a,R3
0002 8A00        R     MOV     a+01H,R2
0004 8900        R     MOV     a+02H,R1
                                           ; SOURCE LINE # 24
;---- Variable 'i' assigned to Register 'R6/R7' ----
C51 COMPILER V9.60.0.0   UTILITY                                                           10/03/2022 11:43:58 PAGE 4   

0006 E4                CLR     A
0007 FF                MOV     R7,A
0008 FE                MOV     R6,A
0009         ?C0015:
                                           ; SOURCE LINE # 25
0009 AB00        R     MOV     R3,a
000B AA00        R     MOV     R2,a+01H
000D A900        R     MOV     R1,a+02H
000F 8F82              MOV     DPL,R7
0011 8E83              MOV     DPH,R6
0013 120000      E     LCALL   ?C?CLDOPTR
0016 6007              JZ      ?C0016
                                           ; SOURCE LINE # 26
0018 0F                INC     R7
0019 BF0001            CJNE    R7,#00H,?C0020
001C 0E                INC     R6
001D         ?C0020:
                                           ; SOURCE LINE # 27
001D 80EA              SJMP    ?C0015
001F         ?C0016:
                                           ; SOURCE LINE # 28
001F AB00        R     MOV     R3,b
0021 AA00        R     MOV     R2,b+01H
0023 A900        R     MOV     R1,b+02H
0025 120000      E     LCALL   ?C?CLDPTR
0028 AB00        R     MOV     R3,a
002A AA00        R     MOV     R2,a+01H
002C A900        R     MOV     R1,a+02H
002E 8F82              MOV     DPL,R7
0030 8E83              MOV     DPH,R6
0032 120000      E     LCALL   ?C?CSTOPTR
                                           ; SOURCE LINE # 29
0035 8F82              MOV     DPL,R7
0037 8E83              MOV     DPH,R6
0039 A3                INC     DPTR
003A E4                CLR     A
003B 020000      E     LJMP    ?C?CSTOPTR
             ; FUNCTION _joinCharacter (END)

C51 COMPILER V9.60.0.0   UTILITY                                                           10/03/2022 11:43:58 PAGE 5   

NAME                                    CLASS   MSPACE  TYPE    OFFSET  SIZE
====                                    =====   ======  ====    ======  ====


ldelay . . . . . . . . . . . . . . . .  PUBLIC   CODE   PROC     0000H  -----
  i. . . . . . . . . . . . . . . . . .  AUTO     DATA   U_LONG   0000H  4
  j. . . . . . . . . . . . . . . . . .  AUTO     DATA   U_LONG   0004H  4
_joinCharacter . . . . . . . . . . . .  PUBLIC   CODE   PROC     0000H  -----
  a. . . . . . . . . . . . . . . . . .  AUTO     DATA   PTR      0000H  3
  b. . . . . . . . . . . . . . . . . .  AUTO     DATA   PTR      0003H  3
  i. . . . . . . . . . . . . . . . . .  * REG *  DATA   INT      0006H  2
_Delay_Some_Time . . . . . . . . . . .  PUBLIC   CODE   PROC     0000H  -----
  delaycount . . . . . . . . . . . . .  * REG *  DATA   U_INT    0006H  2
  i. . . . . . . . . . . . . . . . . .  * REG *  DATA   U_INT    0004H  2
  j. . . . . . . . . . . . . . . . . .  * REG *  DATA   U_INT    0002H  2


MODULE INFORMATION:   STATIC OVERLAYABLE
   CODE SIZE        =    200    ----
   CONSTANT SIZE    =   ----    ----
   XDATA SIZE       =   ----    ----
   PDATA SIZE       =   ----    ----
   DATA SIZE        =   ----      14
   IDATA SIZE       =   ----    ----
   BIT SIZE         =   ----    ----
   EDATA SIZE       =   ----    ----
   HDATA SIZE       =   ----    ----
   XDATA CONST SIZE =   ----    ----
   FAR CONST SIZE   =   ----    ----
END OF MODULE INFORMATION.


C51 COMPILATION COMPLETE.  0 WARNING(S),  0 ERROR(S)
