C51 COMPILER V9.60.0.0   UTILITY                                                           09/04/2022 18:51:59 PAGE 1   


C51 COMPILER V9.60.0.0, COMPILATION OF MODULE UTILITY
OBJECT MODULE PLACED IN utility.OBJ
COMPILER INVOKED BY: C:\Keil_v5\C51\BIN\C51.EXE utility.c OPTIMIZE(8,SPEED) BROWSE DEBUG OBJECTEXTEND TABS(2)

line level    source

   1          //
   2          // Created by aditya on 28-08-2022.
   3          //
   4          
   5          #include "utility.h"
   6          
   7          void ldelay(void) {
   8   1          unsigned long int i,j;
   9   1          for(i=0;i< 50; i++)
  10   1          {
  11   2              for(j=0;j<1000; j++);
  12   2          }
  13   1      }
  14          
  15          void Delay_Some_Time(unsigned int delaycount) {
  16   1          unsigned int i,j;
  17   1          for(i=0;i<delaycount; i++)
  18   1          {
  19   2              for(j=0;j<333; j++);
  20   2          }
  21   1      }
  22          
  23          double stof(const char* s){
  24   1          double rez = 0, fact = 1;
  25   1          int point_seen, d;
  26   1          if (*s == '-'){
  27   2              s++;
  28   2              fact = -1;
  29   2          };
  30   1          for (point_seen = 0; *s; s++){
  31   2              if (*s == '.'){
  32   3                  point_seen = 1;
  33   3                  continue;
  34   3              };
  35   2              d = *s - '0';
  36   2              if (d >= 0 && d <= 9){
  37   3                  if (point_seen) fact /= 10.0f;
  38   3                  rez = rez * 10.0f + (float)d;
  39   3              };
  40   2          };
  41   1          return rez * fact;
  42   1      }


MODULE INFORMATION:   STATIC OVERLAYABLE
   CODE SIZE        =    375    ----
   CONSTANT SIZE    =   ----    ----
   XDATA SIZE       =   ----    ----
   PDATA SIZE       =   ----    ----
   DATA SIZE        =   ----      23
   IDATA SIZE       =   ----    ----
   BIT SIZE         =   ----    ----
END OF MODULE INFORMATION.


C51 COMPILATION COMPLETE.  0 WARNING(S),  0 ERROR(S)
