C51 COMPILER V9.60.0.0   WEIGHT                                                            09/05/2019 20:52:06 PAGE 1   


C51 COMPILER V9.60.0.0, COMPILATION OF MODULE WEIGHT
OBJECT MODULE PLACED IN weight.OBJ
COMPILER INVOKED BY: C:\Keil_v5\C51\BIN\C51.EXE weight.c OPTIMIZE(8,SPEED) BROWSE DEBUG OBJECTEXTEND TABS(2)

line level    source

   1          //
   2          // Created by aditya on 01-09-2022.
   3          //
   4          
   5          #include "weight.h"
   6          
   7          double getWeight() {
   8   1          return 2.550;
   9   1      }


MODULE INFORMATION:   STATIC OVERLAYABLE
   CODE SIZE        =      9    ----
   CONSTANT SIZE    =   ----    ----
   XDATA SIZE       =   ----    ----
   PDATA SIZE       =   ----    ----
   DATA SIZE        =   ----    ----
   IDATA SIZE       =   ----    ----
   BIT SIZE         =   ----    ----
END OF MODULE INFORMATION.


C51 COMPILATION COMPLETE.  0 WARNING(S),  0 ERROR(S)
